<?xml version="1.0" encoding="UTF-8"?>
<!-- Generated by org.testng.reporters.JUnitReportReporter -->
<testsuite hostname="LTIN258824" failures="0" tests="1" name="HelloWorld" time="0.033" errors="0" timestamp="2022-02-16T18:26:18 IST" skipped="0">
  <testcase classname="HelloWorld" name="test" time="0.033"/>
  <system-out/>
</testsuite> <!-- HelloWorld -->
